<?xml version="1.0" encoding="UTF-8"?>
<testsuite name="com.hellokaton.blade.BladeTest" time="8.828" tests="22" errors="0" skipped="0" failures="0">
  <properties>
    <property name="jansi.mode" value="force"/>
    <property name="java.runtime.name" value="OpenJDK Runtime Environment"/>
    <property name="sun.boot.library.path" value="/usr/lib/jvm/java-8-openjdk-amd64/jre/lib/amd64"/>
    <property name="java.vm.version" value="25.442-b06"/>
    <property name="java.vm.vendor" value="Debian"/>
    <property name="maven.multiModuleProjectDirectory" value="/root/repo/blade"/>
    <property name="java.vendor.url" value="http://java.oracle.com/"/>
    <property name="path.separator" value=":"/>
    <property name="guice.disable.misplaced.annotation.check" value="true"/>
    <property name="java.vm.name" value="OpenJDK 64-Bit Server VM"/>
    <property name="file.encoding.pkg" value="sun.io"/>
    <property name="sun.java.launcher" value="SUN_STANDARD"/>
    <property name="sun.os.patch.level" value="unknown"/>
    <property name="java.vm.specification.name" value="Java Virtual Machine Specification"/>
    <property name="user.dir" value="/root/repo/blade"/>
    <property name="java.runtime.version" value="1.8.0_442-8u442-ga-2-b06"/>
    <property name="java.awt.graphicsenv" value="sun.awt.X11GraphicsEnvironment"/>
    <property name="java.endorsed.dirs" value="/usr/lib/jvm/java-8-openjdk-amd64/jre/lib/endorsed"/>
    <property name="os.arch" value="amd64"/>
    <property name="java.io.tmpdir" value="/tmp"/>
    <property name="line.separator" value="&#10;"/>
    <property name="java.vm.specification.vendor" value="Oracle Corporation"/>
    <property name="os.name" value="Linux"/>
    <property name="classworlds.conf" value="/usr/share/maven/bin/m2.conf"/>
    <property name="sun.jnu.encoding" value="UTF-8"/>
    <property name="java.library.path" value="/usr/java/packages/lib/amd64:/usr/lib/x86_64-linux-gnu/jni:/lib/x86_64-linux-gnu:/usr/lib/x86_64-linux-gnu:/usr/lib/jni:/lib:/usr/lib"/>
    <property name="maven.conf" value="/usr/share/maven/conf"/>
    <property name="java.specification.name" value="Java Platform API Specification"/>
    <property name="java.class.version" value="52.0"/>
    <property name="sun.management.compiler" value="HotSpot 64-Bit Tiered Compilers"/>
    <property name="os.version" value="5.15.0-1089-azure"/>
    <property name="library.jansi.path" value="/usr/share/maven/lib/jansi-native"/>
    <property name="user.home" value="/root"/>
    <property name="user.timezone" value="Etc/UTC"/>
    <property name="java.awt.printerjob" value="sun.print.PSPrinterJob"/>
    <property name="java.specification.version" value="1.8"/>
    <property name="file.encoding" value="UTF-8"/>
    <property name="user.name" value="root"/>
    <property name="java.class.path" value="/usr/share/maven/boot/plexus-classworlds-2.x.jar"/>
    <property name="java.vm.specification.version" value="1.8"/>
    <property name="sun.arch.data.model" value="64"/>
    <property name="java.home" value="/usr/lib/jvm/java-8-openjdk-amd64/jre"/>
    <property name="sun.java.command" value="org.codehaus.plexus.classworlds.launcher.Launcher test"/>
    <property name="java.specification.vendor" value="Oracle Corporation"/>
    <property name="user.language" value="en"/>
    <property name="awt.toolkit" value="sun.awt.X11.XToolkit"/>
    <property name="java.vm.info" value="mixed mode"/>
    <property name="java.version" value="1.8.0_442"/>
    <property name="java.ext.dirs" value="/usr/lib/jvm/java-8-openjdk-amd64/jre/lib/ext:/usr/java/packages/lib/ext"/>
    <property name="sun.boot.class.path" value="/usr/lib/jvm/java-8-openjdk-amd64/jre/lib/resources.jar:/usr/lib/jvm/java-8-openjdk-amd64/jre/lib/rt.jar:/usr/lib/jvm/java-8-openjdk-amd64/jre/lib/sunrsasign.jar:/usr/lib/jvm/java-8-openjdk-amd64/jre/lib/jsse.jar:/usr/lib/jvm/java-8-openjdk-amd64/jre/lib/jce.jar:/usr/lib/jvm/java-8-openjdk-amd64/jre/lib/charsets.jar:/usr/lib/jvm/java-8-openjdk-amd64/jre/lib/jfr.jar:/usr/lib/jvm/java-8-openjdk-amd64/jre/classes"/>
    <property name="java.vendor" value="Debian"/>
    <property name="java.specification.maintenance.version" value="6"/>
    <property name="maven.home" value="/usr/share/maven"/>
    <property name="file.separator" value="/"/>
    <property name="java.vendor.url.bug" value="http://bugreport.sun.com/bugreport/"/>
    <property name="sun.cpu.endian" value="little"/>
    <property name="sun.io.unicode.encoding" value="UnicodeLittle"/>
    <property name="sun.cpu.isalist" value=""/>
  </properties>
  <testcase name="testDisableSession" classname="com.hellokaton.blade.BladeTest" time="0.085"/>
  <testcase name="testThreadName" classname="com.hellokaton.blade.BladeTest" time="0"/>
  <testcase name="testBannerText" classname="com.hellokaton.blade.BladeTest" time="0"/>
  <testcase name="testBootConf" classname="com.hellokaton.blade.BladeTest" time="0.001"/>
  <testcase name="testEnv" classname="com.hellokaton.blade.BladeTest" time="0"/>
  <testcase name="testStart" classname="com.hellokaton.blade.BladeTest" time="0.029"/>
  <testcase name="testAppName" classname="com.hellokaton.blade.BladeTest" time="0.001"/>
  <testcase name="testGZIP" classname="com.hellokaton.blade.BladeTest" time="0"/>
  <testcase name="testExceptionHandler" classname="com.hellokaton.blade.BladeTest" time="0.14"/>
  <testcase name="testWatchEnvChange" classname="com.hellokaton.blade.BladeTest" time="0"/>
  <testcase name="testAddStatics" classname="com.hellokaton.blade.BladeTest" time="0"/>
  <testcase name="testSessionType" classname="com.hellokaton.blade.BladeTest" time="0.001"/>
  <testcase name="testTemplate" classname="com.hellokaton.blade.BladeTest" time="0.003"/>
  <testcase name="testShowFileList" classname="com.hellokaton.blade.BladeTest" time="0.001"/>
  <testcase name="testGetBean" classname="com.hellokaton.blade.BladeTest" time="0"/>
  <testcase name="testRegister" classname="com.hellokaton.blade.BladeTest" time="0.001"/>
  <testcase name="testOnStarted" classname="com.hellokaton.blade.BladeTest" time="0"/>
  <testcase name="testListenAddress" classname="com.hellokaton.blade.BladeTest" time="4.533"/>
  <testcase name="testRouteCode" classname="com.hellokaton.blade.BladeTest" time="0.01"/>
  <testcase name="testDevMode" classname="com.hellokaton.blade.BladeTest" time="0"/>
  <testcase name="testListen" classname="com.hellokaton.blade.BladeTest" time="4.023"/>
  <testcase name="testStartedEvent" classname="com.hellokaton.blade.BladeTest" time="0"/>
</testsuite>